
*** Running vivado
    with args -log MxN_register.vds -m64 -product Vivado -mode batch -messageDb vivado.pb -notrace -source MxN_register.tcl


****** Vivado v2023.2 (64-bit)
  **** SW Build 4029153 on Fri Oct 13 20:13:54 MDT 2023
  **** IP Build 4028589 on Sat Oct 14 00:45:43 MDT 2023
  **** SharedData Build 4025554 on Tue Oct 10 17:18:54 MDT 2023
    ** Copyright 1986-2022 Xilinx, Inc. All Rights Reserved.
    ** Copyright 2022-2023 Advanced Micro Devices, Inc. All Rights Reserved.

source MxN_register.tcl -notrace
Command: synth_design -top MxN_register -part xa7z030fbv484-1I
Starting synth_design
Attempting to get a license for feature 'Synthesis' and/or device 'xa7z030'
INFO: [Common 17-349] Got license for feature 'Synthesis' and/or device 'xa7z030'
INFO: [Synth 8-7079] Multithreading enabled for synth_design using a maximum of 4 processes.
INFO: [Synth 8-7078] Launching helper process for spawning children vivado processes
INFO: [Synth 8-7075] Helper process launched with PID 28464
---------------------------------------------------------------------------------
Starting Synthesize : Time (s): cpu = 00:00:02 ; elapsed = 00:00:02 . Memory (MB): peak = 1678.109 ; gain = 361.777 ; free physical = 10520 ; free virtual = 15789
---------------------------------------------------------------------------------
WARNING: [Synth 8-6901] identifier 'BITS' is used before its declaration [/home/aquistar/MxN register/MxN register.srcs/sources_1/new/dffn.v:25]
WARNING: [Synth 8-6901] identifier 'BITS' is used before its declaration [/home/aquistar/MxN register/MxN register.srcs/sources_1/new/dffn.v:26]
ERROR: [Synth 8-2716] syntax error near '1' [/home/aquistar/MxN register/MxN register.srcs/sources_1/new/MxN_register.v:31]
WARNING: [Synth 8-6901] identifier 'M' is used before its declaration [/home/aquistar/MxN register/MxN register.srcs/sources_1/new/MxN_register.v:25]
WARNING: [Synth 8-6901] identifier 'M' is used before its declaration [/home/aquistar/MxN register/MxN register.srcs/sources_1/new/MxN_register.v:26]
INFO: [Synth 8-10285] module 'MxN_register' is ignored due to previous errors [/home/aquistar/MxN register/MxN register.srcs/sources_1/new/MxN_register.v:32]
INFO: [Synth 8-9084] Verilog file '/home/aquistar/MxN register/MxN register.srcs/sources_1/new/MxN_register.v' ignored due to errors
ERROR: [Synth 8-439] module 'MxN_register' not found
---------------------------------------------------------------------------------
Finished Synthesize : Time (s): cpu = 00:00:03 ; elapsed = 00:00:03 . Memory (MB): peak = 1752.047 ; gain = 435.715 ; free physical = 10440 ; free virtual = 15709
---------------------------------------------------------------------------------
synthesize failed
INFO: [Common 17-83] Releasing license: Synthesis
7 Infos, 4 Warnings, 0 Critical Warnings and 3 Errors encountered.
synth_design failed
ERROR: [Common 17-69] Command failed: Vivado Synthesis failed
INFO: [Common 17-206] Exiting Vivado at Sat Jul 27 21:24:31 2024...
